<?xml version="1.0" encoding="UTF-8"?>
<testng-results skipped="0" failed="0" ignored="0" total="2" passed="2">
  <reporter-output>
  </reporter-output>
  <suite name="Default suite" duration-ms="50662" started-at="2017-10-11T08:23:08Z" finished-at="2017-10-11T08:23:59Z">
    <groups>
    </groups>
    <test name="Default test" duration-ms="50662" started-at="2017-10-11T08:23:08Z" finished-at="2017-10-11T08:23:59Z">
      <class name="com.metacube.Testing.TestAutomation1">
        <test-method status="PASS" signature="openURLToTest()[pri:0, instance:com.metacube.Testing.TestAutomation1@402f32ff]" name="openURLToTest" is-config="true" duration-ms="9417" started-at="2017-10-11T13:53:08Z" finished-at="2017-10-11T13:53:18Z">
          <reporter-output>
          </reporter-output>
        </test-method> <!-- openURLToTest -->
        <test-method status="PASS" signature="createAccountRedirectionTest()[pri:1, instance:com.metacube.Testing.TestAutomation1@402f32ff]" name="createAccountRedirectionTest" duration-ms="16904" started-at="2017-10-11T13:53:18Z" finished-at="2017-10-11T13:53:34Z">
          <reporter-output>
          </reporter-output>
        </test-method> <!-- createAccountRedirectionTest -->
        <test-method status="PASS" signature="closeURLToTest()[pri:0, instance:com.metacube.Testing.TestAutomation1@402f32ff]" name="closeURLToTest" is-config="true" duration-ms="98" started-at="2017-10-11T13:53:34Z" finished-at="2017-10-11T13:53:35Z">
          <reporter-output>
          </reporter-output>
        </test-method> <!-- closeURLToTest -->
        <test-method status="PASS" signature="openURLToTest()[pri:0, instance:com.metacube.Testing.TestAutomation1@402f32ff]" name="openURLToTest" is-config="true" duration-ms="9568" started-at="2017-10-11T13:53:35Z" finished-at="2017-10-11T13:53:44Z">
          <reporter-output>
          </reporter-output>
        </test-method> <!-- openURLToTest -->
        <test-method status="PASS" signature="asignInForgotPasswordTest()[pri:2, instance:com.metacube.Testing.TestAutomation1@402f32ff]" name="asignInForgotPasswordTest" duration-ms="14517" started-at="2017-10-11T13:53:44Z" finished-at="2017-10-11T13:53:59Z">
          <reporter-output>
          </reporter-output>
        </test-method> <!-- asignInForgotPasswordTest -->
        <test-method status="PASS" signature="closeURLToTest()[pri:0, instance:com.metacube.Testing.TestAutomation1@402f32ff]" name="closeURLToTest" is-config="true" duration-ms="126" started-at="2017-10-11T13:53:59Z" finished-at="2017-10-11T13:53:59Z">
          <reporter-output>
          </reporter-output>
        </test-method> <!-- closeURLToTest -->
      </class> <!-- com.metacube.Testing.TestAutomation1 -->
    </test> <!-- Default test -->
  </suite> <!-- Default suite -->
</testng-results>
