<?xml version="1.0" encoding="UTF-8"?>
<!-- Generated by org.testng.reporters.JUnitXMLReporter -->
<testsuite hostname="User20-PC" ignored="0" name="Default test" tests="2" failures="0" timestamp="11 Oct 2017 08:23:59 GMT" time="50.662" errors="0">
  <testcase name="createAccountRedirectionTest" time="16.904" classname="com.metacube.Testing.TestAutomation1"/>
  <testcase name="asignInForgotPasswordTest" time="14.517" classname="com.metacube.Testing.TestAutomation1"/>
</testsuite> <!-- Default test -->
